Building DAG of jobs...
Using shell: /usr/bin/bash
Provided cores: 1 (use --cores to define parallelism)
Rules claiming more threads will be scaled down.
Job stats:
job              count    min threads    max threads
-------------  -------  -------------  -------------
all                  1              1              1
cleaned_words        1              1              1
download_data        1              1              1
process_data         1              1              1
visualisation        1              1              1
total                5              1              1

Select jobs to execute...

[Sat Nov 30 17:56:09 2024]
rule download_data:
    output: data/raw/pmids.xml, logs/download.log
    jobid: 2
    reason: Missing output files: data/raw/pmids.xml, logs/download.log
    resources: tmpdir=/tmp

Terminating processes on user request, this might take some time.
[Sat Nov 30 18:18:22 2024]
Error in rule download_data:
    jobid: 2
    output: data/raw/pmids.xml, logs/download.log
    shell:
        
        mkdir -p logs
        bash download_data.sh > logs/download.log 2>&1
        
        (one of the commands exited with non-zero exit code; note that snakemake uses bash strict mode!)

Complete log: .snakemake/log/2024-11-30T175602.489928.snakemake.log
